<?xml version="1.0" encoding="UTF-8"?>
<testng-results ignored="0" total="2" passed="2" failed="0" skipped="0">
  <reporter-output>
  </reporter-output>
  <suite started-at="2026-04-15T16:48:55 IST" name="Default suite" finished-at="2026-04-15T16:49:04 IST" duration-ms="9165">
    <groups>
      <group name="cucumber">
        <method signature="AbstractTestNGCucumberTests.runScenario(io.cucumber.testng.PickleWrapper,io.cucumber.testng.FeatureWrapper)[pri:0, instance:runnerFiles.LoginRunnerFile@7c1e2a9e]" name="runScenario" class="io.cucumber.testng.AbstractTestNGCucumberTests"/>
      </group> <!-- cucumber -->
    </groups>
    <test started-at="2026-04-15T16:48:55 IST" name="Default test" finished-at="2026-04-15T16:49:04 IST" duration-ms="9165">
      <class name="runnerFiles.LoginRunnerFile">
        <test-method is-config="true" signature="setUpClass(org.testng.ITestContext)[pri:0, instance:runnerFiles.LoginRunnerFile@7c1e2a9e]" started-at="2026-04-15T16:48:55 IST" name="setUpClass" finished-at="2026-04-15T16:48:55 IST" duration-ms="399" status="PASS">
          <params>
            <param index="0">
              <value>
                <![CDATA[org.testng.TestRunner@52d6cd34]]>
              </value>
            </param>
          </params>
          <reporter-output>
          </reporter-output>
        </test-method> <!-- setUpClass -->
        <test-method signature="runScenario(io.cucumber.testng.PickleWrapper,io.cucumber.testng.FeatureWrapper)[pri:0, instance:runnerFiles.LoginRunnerFile@7c1e2a9e]" started-at="2026-04-15T16:48:55 IST" name="runScenario" description="Runs Cucumber Scenarios" data-provider="scenarios" finished-at="2026-04-15T16:49:00 IST" duration-ms="4295" status="PASS">
          <params>
            <param index="0">
              <value>
                <![CDATA["Login using valid details"]]>
              </value>
            </param>
            <param index="1">
              <value>
                <![CDATA["To Test the customer login for ParaBank"]]>
              </value>
            </param>
          </params>
          <reporter-output>
          </reporter-output>
        </test-method> <!-- runScenario -->
        <test-method signature="runScenario(io.cucumber.testng.PickleWrapper,io.cucumber.testng.FeatureWrapper)[pri:0, instance:runnerFiles.LoginRunnerFile@7c1e2a9e]" started-at="2026-04-15T16:49:00 IST" name="runScenario" description="Runs Cucumber Scenarios" data-provider="scenarios" finished-at="2026-04-15T16:49:04 IST" duration-ms="4413" status="PASS">
          <params>
            <param index="0">
              <value>
                <![CDATA["Login using valid details"]]>
              </value>
            </param>
            <param index="1">
              <value>
                <![CDATA["To Test the customer login for ParaBank"]]>
              </value>
            </param>
          </params>
          <reporter-output>
          </reporter-output>
        </test-method> <!-- runScenario -->
        <test-method is-config="true" signature="tearDownClass()[pri:0, instance:runnerFiles.LoginRunnerFile@7c1e2a9e]" started-at="2026-04-15T16:49:04 IST" name="tearDownClass" finished-at="2026-04-15T16:49:04 IST" duration-ms="20" status="PASS">
          <reporter-output>
          </reporter-output>
        </test-method> <!-- tearDownClass -->
      </class> <!-- runnerFiles.LoginRunnerFile -->
    </test> <!-- Default test -->
  </suite> <!-- Default suite -->
</testng-results>
