<?xml version="1.0" encoding="UTF-8"?>
<!-- Generated by org.testng.reporters.JUnitReportReporter -->
<testsuite hostname="LAPTOP-NRFVHA71" failures="0" tests="3" name="runnerFiles.LoginRunnerFile2" time="0.066" errors="0" timestamp="2026-04-15T16:44:41 IST" skipped="0">
  <testcase classname="runnerFiles.LoginRunnerFile2" name="runScenario" time="0.003"/>
  <testcase classname="runnerFiles.LoginRunnerFile2" name="runScenario" time="0.004"/>
  <testcase classname="runnerFiles.LoginRunnerFile2" name="runScenario" time="0.059"/>
</testsuite> <!-- runnerFiles.LoginRunnerFile2 -->
